# JRE version: OpenJDK Runtime Environment JBR-17.0.12+1-1087.25-nomod (17.0.12+1) (build 17.0.12+1-b1087.25)
# Java VM: OpenJDK 64-Bit Server VM JBR-17.0.12+1-1087.25-nomod (17.0.12+1-b1087.25, mixed mode, tiered, compressed oops, compressed class ptrs, g1 gc, windows-amd64)
GC Precious Log:
 CPUs: 8 total, 8 available
 Memory: 16179M
 Large Page Support: Disabled
 NUMA Support: Disabled
 Compressed Oops: Enabled (Zero based)
 Heap Region Size: 2M
 Heap Min Capacity: 8M
 Heap Initial Capacity: 254M
 Heap Max Capacity: 4046M
 Pre-touch: Disabled
 Parallel Workers: 8
 Concurrent Workers: 2
 Concurrent Refinement Workers: 8
 Periodic GC: Disabled
Heap:
 garbage-first heap   total 55296K, used 20796K [0x0000000703200000, 0x0000000800000000)
  region size 2048K, 4 young (8192K), 1 survivors (2048K)
 Metaspace       used 29584K, committed 29824K, reserved 1114112K
  class space    used 3903K, committed 4032K, reserved 1048576K
GC Heap History (10 events):
Event: 1.320 GC heap before
{Heap before GC invocations=0 (full 0):
 garbage-first heap   total 260096K, used 20480K [0x0000000703200000, 0x0000000800000000)
  region size 2048K, 11 young (22528K), 0 survivors (0K)
 Metaspace       used 12117K, committed 12352K, reserved 1114112K
  class space    used 1254K, committed 1344K, reserved 1048576K
}
Event: 1.338 GC heap after
{Heap after GC invocations=1 (full 0):
 garbage-first heap   total 260096K, used 2703K [0x0000000703200000, 0x0000000800000000)
  region size 2048K, 2 young (4096K), 2 survivors (4096K)
 Metaspace       used 12117K, committed 12352K, reserved 1114112K
  class space    used 1254K, committed 1344K, reserved 1048576K
}
Event: 4.132 GC heap before
{Heap before GC invocations=1 (full 0):
 garbage-first heap   total 260096K, used 41615K [0x0000000703200000, 0x0000000800000000)
  region size 2048K, 20 young (40960K), 2 survivors (4096K)
 Metaspace       used 20818K, committed 21056K, reserved 1114112K
  class space    used 2319K, committed 2432K, reserved 1048576K
}
Event: 4.139 GC heap after
{Heap after GC invocations=2 (full 0):
 garbage-first heap   total 260096K, used 10807K [0x0000000703200000, 0x0000000800000000)
  region size 2048K, 3 young (6144K), 3 survivors (6144K)
 Metaspace       used 20818K, committed 21056K, reserved 1114112K
  class space    used 2319K, committed 2432K, reserved 1048576K
}
Event: 4.199 GC heap before
{Heap before GC invocations=2 (full 0):
 garbage-first heap   total 260096K, used 12855K [0x0000000703200000, 0x0000000800000000)
  region size 2048K, 5 young (10240K), 3 survivors (6144K)
 Metaspace       used 21332K, committed 21504K, reserved 1114112K
  class space    used 2448K, committed 2560K, reserved 1048576K
}
Event: 4.204 GC heap after
{Heap after GC invocations=3 (full 0):
 garbage-first heap   total 260096K, used 11707K [0x0000000703200000, 0x0000000800000000)
  region size 2048K, 4 young (8192K), 4 survivors (8192K)
 Metaspace       used 21332K, committed 21504K, reserved 1114112K
  class space    used 2448K, committed 2560K, reserved 1048576K
}
Event: 4.963 GC heap before
{Heap before GC invocations=4 (full 0):
 garbage-first heap   total 55296K, used 34235K [0x0000000703200000, 0x0000000800000000)
  region size 2048K, 16 young (32768K), 4 survivors (8192K)
 Metaspace       used 26996K, committed 27264K, reserved 1114112K
  class space    used 3656K, committed 3776K, reserved 1048576K
}
Event: 4.971 GC heap after
{Heap after GC invocations=5 (full 0):
 garbage-first heap   total 55296K, used 14446K [0x0000000703200000, 0x0000000800000000)
  region size 2048K, 2 young (4096K), 2 survivors (4096K)
 Metaspace       used 26996K, committed 27264K, reserved 1114112K
  class space    used 3656K, committed 3776K, reserved 1048576K
}
Event: 5.184 GC heap before
{Heap before GC invocations=5 (full 0):
 garbage-first heap   total 55296K, used 16494K [0x0000000703200000, 0x0000000800000000)
  region size 2048K, 3 young (6144K), 2 survivors (4096K)
 Metaspace       used 27707K, committed 28032K, reserved 1114112K
  class space    used 3736K, committed 3904K, reserved 1048576K
}
Event: 5.187 GC heap after
{Heap after GC invocations=6 (full 0):
 garbage-first heap   total 55296K, used 14652K [0x0000000703200000, 0x0000000800000000)
  region size 2048K, 1 young (2048K), 1 survivors (2048K)
 Metaspace       used 27707K, committed 28032K, reserved 1114112K
  class space    used 3736K, committed 3904K, reserved 1048576K
}

